2018-04-19 10:46:37,406 [main           ] ERROR RestCodec                      - Parameter is not valid for operation null. 
java.lang.Exception: bad request parame
	at mockit.internal.expectations.invocation.InvocationResult$ThrowableResult.produceResult(InvocationResult.java:45)
	at mockit.internal.expectations.invocation.InvocationResult.produceResult(InvocationResult.java:23)
	at mockit.internal.expectations.invocation.InvocationResults.produceResult(InvocationResults.java:136)
	at mockit.internal.expectations.Expectation.produceResult(Expectation.java:53)
	at mockit.internal.expectations.ReplayPhase.produceResult(ReplayPhase.java:153)
	at mockit.internal.expectations.ReplayPhase.handleInvocation(ReplayPhase.java:87)
	at mockit.internal.expectations.RecordAndReplayExecution.recordOrReplay(RecordAndReplayExecution.java:198)
	at org.apache.servicecomb.common.rest.codec.param.$Impl_ParamValueProcessor.getValue(Unknown Source)
	at org.apache.servicecomb.common.rest.codec.RestCodec.restToArgs(RestCodec.java:62)
	at org.apache.servicecomb.common.rest.codec.TestRestCodec.testRestToArgsExcetpion(TestRestCodec.java:133)
	at sun.reflect.NativeMethodAccessorImpl.invoke0(Native Method)
	at sun.reflect.NativeMethodAccessorImpl.invoke(NativeMethodAccessorImpl.java:62)
	at sun.reflect.DelegatingMethodAccessorImpl.invoke(DelegatingMethodAccessorImpl.java:43)
	at java.lang.reflect.Method.invoke(Method.java:498)
	at org.junit.runners.model.FrameworkMethod$1.runReflectiveCall(FrameworkMethod.java:50)
	at org.junit.internal.runners.model.ReflectiveCallable.run(ReflectiveCallable.java:12)
	at org.junit.runners.model.FrameworkMethod.invokeExplosively(FrameworkMethod.java:47)
	at mockit.integration.junit4.internal.JUnit4TestRunnerDecorator.executeTestMethod(JUnit4TestRunnerDecorator.java:162)
	at mockit.integration.junit4.internal.JUnit4TestRunnerDecorator.invokeExplosively(JUnit4TestRunnerDecorator.java:71)
	at mockit.integration.junit4.internal.MockFrameworkMethod.invokeExplosively(MockFrameworkMethod.java:37)
	at org.junit.runners.model.FrameworkMethod.invokeExplosively(FrameworkMethod.java)
	at org.junit.internal.runners.statements.InvokeMethod.evaluate(InvokeMethod.java:17)
	at org.junit.runners.ParentRunner.runLeaf(ParentRunner.java:325)
	at org.junit.runners.BlockJUnit4ClassRunner.runChild(BlockJUnit4ClassRunner.java:78)
	at org.junit.runners.BlockJUnit4ClassRunner.runChild(BlockJUnit4ClassRunner.java:57)
	at org.junit.runners.ParentRunner$3.run(ParentRunner.java:290)
	at org.junit.runners.ParentRunner$1.schedule(ParentRunner.java:71)
	at org.junit.runners.ParentRunner.runChildren(ParentRunner.java:288)
	at org.junit.runners.ParentRunner.access$000(ParentRunner.java:58)
	at org.junit.runners.ParentRunner$2.evaluate(ParentRunner.java:268)
	at org.junit.internal.runners.statements.RunBefores.evaluate(RunBefores.java:26)
	at org.junit.internal.runners.statements.RunAfters.evaluate(RunAfters.java:27)
	at org.junit.runners.ParentRunner.run(ParentRunner.java:363)
	at org.apache.maven.surefire.junit4.JUnit4Provider.execute(JUnit4Provider.java:367)
	at org.apache.maven.surefire.junit4.JUnit4Provider.executeWithRerun(JUnit4Provider.java:274)
	at org.apache.maven.surefire.junit4.JUnit4Provider.executeTestSet(JUnit4Provider.java:238)
	at org.apache.maven.surefire.junit4.JUnit4Provider.invoke(JUnit4Provider.java:161)
	at org.apache.maven.surefire.booter.ForkedBooter.invokeProviderInSameClassLoader(ForkedBooter.java:290)
	at org.apache.maven.surefire.booter.ForkedBooter.runSuitesInProcess(ForkedBooter.java:242)
	at org.apache.maven.surefire.booter.ForkedBooter.main(ForkedBooter.java:121)
2018-04-19 10:46:37,524 [main           ] INFO  SPIServiceUtils                - Found SPI service org.apache.servicecomb.swagger.invocation.exception.ExceptionToResponseConverter, count=2.
2018-04-19 10:46:37,524 [main           ] INFO  SPIServiceUtils                -   0. org.apache.servicecomb.swagger.invocation.exception.InvocationExceptionToResponseConverter.
2018-04-19 10:46:37,524 [main           ] INFO  SPIServiceUtils                -   1. org.apache.servicecomb.swagger.invocation.exception.DefaultExceptionToResponseConverter.
2018-04-19 10:46:37,668 [main           ] ERROR RestCodec                      - Parameter is not valid for operation null. 
InvocationException: code=400;msg=CommonExceptionData [message=Parameter is not valid.]
	at mockit.internal.expectations.invocation.InvocationResult$ThrowableResult.produceResult(InvocationResult.java:45)
	at mockit.internal.expectations.invocation.InvocationResult.produceResult(InvocationResult.java:23)
	at mockit.internal.expectations.invocation.InvocationResults.produceResult(InvocationResults.java:136)
	at mockit.internal.expectations.Expectation.produceResult(Expectation.java:53)
	at mockit.internal.expectations.ReplayPhase.produceResult(ReplayPhase.java:153)
	at mockit.internal.expectations.ReplayPhase.handleInvocation(ReplayPhase.java:87)
	at mockit.internal.expectations.RecordAndReplayExecution.recordOrReplay(RecordAndReplayExecution.java:198)
	at org.apache.servicecomb.common.rest.codec.param.$Impl_ParamValueProcessor.getValue(Unknown Source)
	at org.apache.servicecomb.common.rest.codec.RestCodec.restToArgs(RestCodec.java:62)
	at org.apache.servicecomb.common.rest.codec.TestRestCodec.testRestToArgsInstanceExcetpion(TestRestCodec.java:163)
	at sun.reflect.NativeMethodAccessorImpl.invoke0(Native Method)
	at sun.reflect.NativeMethodAccessorImpl.invoke(NativeMethodAccessorImpl.java:62)
	at sun.reflect.DelegatingMethodAccessorImpl.invoke(DelegatingMethodAccessorImpl.java:43)
	at java.lang.reflect.Method.invoke(Method.java:498)
	at org.junit.runners.model.FrameworkMethod$1.runReflectiveCall(FrameworkMethod.java:50)
	at org.junit.internal.runners.model.ReflectiveCallable.run(ReflectiveCallable.java:12)
	at org.junit.runners.model.FrameworkMethod.invokeExplosively(FrameworkMethod.java:47)
	at mockit.integration.junit4.internal.JUnit4TestRunnerDecorator.executeTestMethod(JUnit4TestRunnerDecorator.java:162)
	at mockit.integration.junit4.internal.JUnit4TestRunnerDecorator.invokeExplosively(JUnit4TestRunnerDecorator.java:71)
	at mockit.integration.junit4.internal.MockFrameworkMethod.invokeExplosively(MockFrameworkMethod.java:37)
	at org.junit.runners.model.FrameworkMethod.invokeExplosively(FrameworkMethod.java)
	at org.junit.internal.runners.statements.InvokeMethod.evaluate(InvokeMethod.java:17)
	at org.junit.runners.ParentRunner.runLeaf(ParentRunner.java:325)
	at org.junit.runners.BlockJUnit4ClassRunner.runChild(BlockJUnit4ClassRunner.java:78)
	at org.junit.runners.BlockJUnit4ClassRunner.runChild(BlockJUnit4ClassRunner.java:57)
	at org.junit.runners.ParentRunner$3.run(ParentRunner.java:290)
	at org.junit.runners.ParentRunner$1.schedule(ParentRunner.java:71)
	at org.junit.runners.ParentRunner.runChildren(ParentRunner.java:288)
	at org.junit.runners.ParentRunner.access$000(ParentRunner.java:58)
	at org.junit.runners.ParentRunner$2.evaluate(ParentRunner.java:268)
	at org.junit.internal.runners.statements.RunBefores.evaluate(RunBefores.java:26)
	at org.junit.internal.runners.statements.RunAfters.evaluate(RunAfters.java:27)
	at org.junit.runners.ParentRunner.run(ParentRunner.java:363)
	at org.apache.maven.surefire.junit4.JUnit4Provider.execute(JUnit4Provider.java:367)
	at org.apache.maven.surefire.junit4.JUnit4Provider.executeWithRerun(JUnit4Provider.java:274)
	at org.apache.maven.surefire.junit4.JUnit4Provider.executeTestSet(JUnit4Provider.java:238)
	at org.apache.maven.surefire.junit4.JUnit4Provider.invoke(JUnit4Provider.java:161)
	at org.apache.maven.surefire.booter.ForkedBooter.invokeProviderInSameClassLoader(ForkedBooter.java:290)
	at org.apache.maven.surefire.booter.ForkedBooter.runSuitesInProcess(ForkedBooter.java:242)
	at org.apache.maven.surefire.booter.ForkedBooter.main(ForkedBooter.java:121)
2018-04-19 10:46:37,909 [main           ] INFO  SPIServiceUtils                - Found SPI service javax.ws.rs.core.Response$StatusType, count=0.
2018-04-19 10:46:37,996 [main           ] INFO  MicroservicePaths              - Swagger mapped "{[/static], method=[POST], produces=[application/json]}" onto null
2018-04-19 10:46:37,996 [main           ] INFO  MicroservicePaths              - Swagger mapped "{[/dynamic/{id}], method=[POST], produces=[application/json]}" onto null
2018-04-19 10:46:38,040 [main           ] ERROR OperationLocator               - locate path failed, status:Method Not Allowed, http method:POST, path:/static, microserviceName:ms
2018-04-19 10:46:38,042 [main           ] ERROR OperationLocator               - locate path failed, status:Not Found, http method:GET, path:/dynamic/1/2, microserviceName:ms
2018-04-19 10:46:38,044 [main           ] ERROR OperationLocator               - locate path failed, status:Method Not Allowed, http method:POST, path:/dynamic/1/, microserviceName:ms
2018-04-19 10:46:38,046 [main           ] ERROR OperationLocator               - locate path failed, status:Not Found, http method:GET, path:/notExist, microserviceName:ms
2018-04-19 10:46:38,118 [main           ] ERROR RestOperationMeta              - produce notSupport is not supported
2018-04-19 10:46:38,382 [main           ] INFO  SPIServiceUtils                - Found SPI service org.apache.servicecomb.swagger.generator.core.CommonParameterTypeProcessor, count=2.
2018-04-19 10:46:38,382 [main           ] INFO  SPIServiceUtils                -   0. org.apache.servicecomb.swagger.invocation.generator.InvocationContextProcessor.
2018-04-19 10:46:38,383 [main           ] INFO  SPIServiceUtils                -   1. org.apache.servicecomb.swagger.generator.core.processor.parametertype.HttpServletRequestProcessor.
2018-04-19 10:46:38,388 [main           ] INFO  SPIServiceUtils                - Found SPI service org.apache.servicecomb.swagger.generator.core.ResponseTypeProcessor, count=1.
2018-04-19 10:46:38,388 [main           ] INFO  SPIServiceUtils                -   0. org.apache.servicecomb.swagger.generator.core.processor.response.CompletableFutureProcessor.
2018-04-19 10:46:38,391 [main           ] INFO  SPIServiceUtils                - Found SPI service org.apache.servicecomb.swagger.generator.core.SwaggerGeneratorContext, count=1.
2018-04-19 10:46:38,391 [main           ] INFO  SPIServiceUtils                -   0. org.apache.servicecomb.swagger.generator.pojo.PojoSwaggerGeneratorContext.
2018-04-19 10:46:38,560 [main           ] INFO  JavassistUtils                 - generate gen.swagger.TestServicePathManagerSchemaImplIntf in classLoader sun.misc.Launcher$AppClassLoader@7d4991ad.
2018-04-19 10:46:38,616 [main           ] WARN  URLConfigurationSource         - No URLs will be polled as dynamic configuration sources.
2018-04-19 10:46:38,616 [main           ] INFO  URLConfigurationSource         - To enable URLs as dynamic configuration sources, define System property archaius.configurationSource.additionalUrls or make config.properties available on classpath.
2018-04-19 10:46:38,676 [main           ] INFO  DynamicPropertyFactory         - DynamicPropertyFactory is initialized with configuration sources: com.netflix.config.ConcurrentCompositeConfiguration@19648c40
2018-04-19 10:46:38,708 [main           ] INFO  ServicePathManager             - add schema to service paths. app:app:ms:sid.
2018-04-19 10:46:38,709 [main           ] INFO  MicroservicePaths              - Swagger mapped "{[/root/rest/static1/], method=[POST], produces=[application/json]}" onto public abstract void gen.swagger.TestServicePathManagerSchemaImplIntf.static1()
2018-04-19 10:46:38,709 [main           ] INFO  MicroservicePaths              - Swagger mapped "{[/static2/], method=[POST], produces=[application/json]}" onto public abstract void gen.swagger.TestServicePathManagerSchemaImplIntf.static2()
2018-04-19 10:46:38,710 [main           ] INFO  MicroservicePaths              - Swagger mapped "{[/dynamic1/{id}/], method=[POST], produces=[application/json]}" onto public abstract void gen.swagger.TestServicePathManagerSchemaImplIntf.dynamic1()
2018-04-19 10:46:38,710 [main           ] INFO  MicroservicePaths              - Swagger mapped "{[/dynamic2/{id}/], method=[POST], produces=[application/json]}" onto public abstract void gen.swagger.TestServicePathManagerSchemaImplIntf.dynamic2()
2018-04-19 10:46:38,720 [main           ] INFO  ServicePathManager             - add schema to service paths. app:app:ms:sid.
2018-04-19 10:46:38,722 [main           ] INFO  MicroservicePaths              - Swagger mapped "{[/root/rest/static2/], method=[POST], produces=[application/json]}" onto public abstract void gen.swagger.TestServicePathManagerSchemaImplIntf.static2()
2018-04-19 10:46:38,722 [main           ] INFO  MicroservicePaths              - Swagger mapped "{[/root/rest/static1/], method=[POST], produces=[application/json]}" onto public abstract void gen.swagger.TestServicePathManagerSchemaImplIntf.static1()
2018-04-19 10:46:38,723 [main           ] INFO  MicroservicePaths              - Swagger mapped "{[/root/rest/dynamic1/{id}/], method=[POST], produces=[application/json]}" onto public abstract void gen.swagger.TestServicePathManagerSchemaImplIntf.dynamic1()
2018-04-19 10:46:38,723 [main           ] INFO  MicroservicePaths              - Swagger mapped "{[/root/rest/dynamic2/{id}/], method=[POST], produces=[application/json]}" onto public abstract void gen.swagger.TestServicePathManagerSchemaImplIntf.dynamic2()
2018-04-19 10:46:38,773 [main           ] INFO  SPIServiceUtils                - Found SPI service javax.ws.rs.core.Response$StatusType, count=0.
2018-04-19 10:46:38,797 [main           ] INFO  SPIServiceUtils                - Found SPI service org.apache.servicecomb.common.rest.filter.HttpServerFilter, count=2.
2018-04-19 10:46:38,808 [main           ] INFO  SPIServiceUtils                -   0. org.apache.servicecomb.common.rest.filter.inner.ServerRestArgsFilter.
2018-04-19 10:46:38,810 [main           ] INFO  SPIServiceUtils                -   1. org.apache.servicecomb.common.rest.filter.tracing.TracingFilter.
2018-04-19 10:46:38,879 [main           ] INFO  SPIServiceUtils                - Found SPI service org.apache.servicecomb.swagger.extend.property.creator.PropertyCreator, count=0.
2018-04-19 10:46:38,920 [main           ] INFO  JavassistUtils                 - generate gen.swagger.addBody in classLoader sun.misc.Launcher$AppClassLoader@7d4991ad.
2018-04-19 10:46:38,974 [main           ] INFO  JavassistUtils                 - generate gen.swagger.TestRestEngineSchemaListenerSchemaImplIntf in classLoader sun.misc.Launcher$AppClassLoader@7d4991ad.
2018-04-19 10:46:38,978 [main           ] INFO  ServicePathManager             - add schema to service paths. app:app:ms:sid1.
2018-04-19 10:46:39,193 [main           ] ERROR AbstractRestInvocation         - rest server onRequest error
java.lang.Error: run on executor
	at org.apache.servicecomb.common.rest.TestAbstractRestInvocation.scheduleInvocationException(TestAbstractRestInvocation.java:731)
	at sun.reflect.NativeMethodAccessorImpl.invoke0(Native Method)
	at sun.reflect.NativeMethodAccessorImpl.invoke(NativeMethodAccessorImpl.java:62)
	at sun.reflect.DelegatingMethodAccessorImpl.invoke(DelegatingMethodAccessorImpl.java:43)
	at java.lang.reflect.Method.invoke(Method.java:498)
	at org.junit.runners.model.FrameworkMethod$1.runReflectiveCall(FrameworkMethod.java:50)
	at org.junit.internal.runners.model.ReflectiveCallable.run(ReflectiveCallable.java:12)
	at org.junit.runners.model.FrameworkMethod.invokeExplosively(FrameworkMethod.java:47)
	at mockit.integration.junit4.internal.JUnit4TestRunnerDecorator.executeTestMethod(JUnit4TestRunnerDecorator.java:162)
	at mockit.integration.junit4.internal.JUnit4TestRunnerDecorator.invokeExplosively(JUnit4TestRunnerDecorator.java:71)
	at mockit.integration.junit4.internal.MockFrameworkMethod.invokeExplosively(MockFrameworkMethod.java:37)
	at org.junit.runners.model.FrameworkMethod.invokeExplosively(FrameworkMethod.java)
	at org.junit.internal.runners.statements.InvokeMethod.evaluate(InvokeMethod.java:17)
	at org.junit.internal.runners.statements.RunBefores.evaluate(RunBefores.java:26)
	at org.junit.rules.ExpectedException$ExpectedExceptionStatement.evaluate(ExpectedException.java:239)
	at org.junit.rules.RunRules.evaluate(RunRules.java:20)
	at org.junit.runners.ParentRunner.runLeaf(ParentRunner.java:325)
	at org.junit.runners.BlockJUnit4ClassRunner.runChild(BlockJUnit4ClassRunner.java:78)
	at org.junit.runners.BlockJUnit4ClassRunner.runChild(BlockJUnit4ClassRunner.java:57)
	at org.junit.runners.ParentRunner$3.run(ParentRunner.java:290)
	at org.junit.runners.ParentRunner$1.schedule(ParentRunner.java:71)
	at org.junit.runners.ParentRunner.runChildren(ParentRunner.java:288)
	at org.junit.runners.ParentRunner.access$000(ParentRunner.java:58)
	at org.junit.runners.ParentRunner$2.evaluate(ParentRunner.java:268)
	at org.junit.internal.runners.statements.RunBefores.evaluate(RunBefores.java:26)
	at org.junit.internal.runners.statements.RunAfters.evaluate(RunAfters.java:27)
	at org.junit.runners.ParentRunner.run(ParentRunner.java:363)
	at org.apache.maven.surefire.junit4.JUnit4Provider.execute(JUnit4Provider.java:367)
	at org.apache.maven.surefire.junit4.JUnit4Provider.executeWithRerun(JUnit4Provider.java:274)
	at org.apache.maven.surefire.junit4.JUnit4Provider.executeTestSet(JUnit4Provider.java:238)
	at org.apache.maven.surefire.junit4.JUnit4Provider.invoke(JUnit4Provider.java:161)
	at org.apache.maven.surefire.booter.ForkedBooter.invokeProviderInSameClassLoader(ForkedBooter.java:290)
	at org.apache.maven.surefire.booter.ForkedBooter.runSuitesInProcess(ForkedBooter.java:242)
	at org.apache.maven.surefire.booter.ForkedBooter.main(ForkedBooter.java:121)
2018-04-19 10:46:39,548 [main           ] INFO  SPIServiceUtils                - Found SPI service org.apache.servicecomb.common.rest.filter.HttpServerFilter, count=2.
2018-04-19 10:46:39,548 [main           ] INFO  SPIServiceUtils                -   0. org.apache.servicecomb.common.rest.filter.inner.ServerRestArgsFilter.
2018-04-19 10:46:39,548 [main           ] INFO  SPIServiceUtils                -   1. org.apache.servicecomb.common.rest.filter.tracing.TracingFilter.
2018-04-19 10:46:39,627 [main           ] INFO  SPIServiceUtils                - Found SPI service org.apache.servicecomb.swagger.invocation.exception.ExceptionToResponseConverter, count=2.
2018-04-19 10:46:39,627 [main           ] INFO  SPIServiceUtils                -   0. org.apache.servicecomb.swagger.invocation.exception.InvocationExceptionToResponseConverter.
2018-04-19 10:46:39,627 [main           ] INFO  SPIServiceUtils                -   1. org.apache.servicecomb.swagger.invocation.exception.DefaultExceptionToResponseConverter.
2018-04-19 10:46:39,665 [main           ] ERROR AbstractRestInvocation         - Failed to send rest response, operation:null.
java.lang.Error: 
	at org.apache.servicecomb.common.rest.TestAbstractRestInvocation$18.sendResponse(TestAbstractRestInvocation.java:427)
	at org.apache.servicecomb.common.rest.AbstractRestInvocation.sendResponseQuietly(AbstractRestInvocation.java:192)
	at org.apache.servicecomb.common.rest.TestAbstractRestInvocation.sendResponseQuietlyException(TestAbstractRestInvocation.java:432)
	at sun.reflect.NativeMethodAccessorImpl.invoke0(Native Method)
	at sun.reflect.NativeMethodAccessorImpl.invoke(NativeMethodAccessorImpl.java:62)
	at sun.reflect.DelegatingMethodAccessorImpl.invoke(DelegatingMethodAccessorImpl.java:43)
	at java.lang.reflect.Method.invoke(Method.java:498)
	at org.junit.runners.model.FrameworkMethod$1.runReflectiveCall(FrameworkMethod.java:50)
	at org.junit.internal.runners.model.ReflectiveCallable.run(ReflectiveCallable.java:12)
	at org.junit.runners.model.FrameworkMethod.invokeExplosively(FrameworkMethod.java:47)
	at mockit.integration.junit4.internal.JUnit4TestRunnerDecorator.executeTestMethod(JUnit4TestRunnerDecorator.java:162)
	at mockit.integration.junit4.internal.JUnit4TestRunnerDecorator.invokeExplosively(JUnit4TestRunnerDecorator.java:71)
	at mockit.integration.junit4.internal.MockFrameworkMethod.invokeExplosively(MockFrameworkMethod.java:37)
	at org.junit.runners.model.FrameworkMethod.invokeExplosively(FrameworkMethod.java)
	at org.junit.internal.runners.statements.InvokeMethod.evaluate(InvokeMethod.java:17)
	at org.junit.internal.runners.statements.RunBefores.evaluate(RunBefores.java:26)
	at org.junit.rules.ExpectedException$ExpectedExceptionStatement.evaluate(ExpectedException.java:239)
	at org.junit.rules.RunRules.evaluate(RunRules.java:20)
	at org.junit.runners.ParentRunner.runLeaf(ParentRunner.java:325)
	at org.junit.runners.BlockJUnit4ClassRunner.runChild(BlockJUnit4ClassRunner.java:78)
	at org.junit.runners.BlockJUnit4ClassRunner.runChild(BlockJUnit4ClassRunner.java:57)
	at org.junit.runners.ParentRunner$3.run(ParentRunner.java:290)
	at org.junit.runners.ParentRunner$1.schedule(ParentRunner.java:71)
	at org.junit.runners.ParentRunner.runChildren(ParentRunner.java:288)
	at org.junit.runners.ParentRunner.access$000(ParentRunner.java:58)
	at org.junit.runners.ParentRunner$2.evaluate(ParentRunner.java:268)
	at org.junit.internal.runners.statements.RunBefores.evaluate(RunBefores.java:26)
	at org.junit.internal.runners.statements.RunAfters.evaluate(RunAfters.java:27)
	at org.junit.runners.ParentRunner.run(ParentRunner.java:363)
	at org.apache.maven.surefire.junit4.JUnit4Provider.execute(JUnit4Provider.java:367)
	at org.apache.maven.surefire.junit4.JUnit4Provider.executeWithRerun(JUnit4Provider.java:274)
	at org.apache.maven.surefire.junit4.JUnit4Provider.executeTestSet(JUnit4Provider.java:238)
	at org.apache.maven.surefire.junit4.JUnit4Provider.invoke(JUnit4Provider.java:161)
	at org.apache.maven.surefire.booter.ForkedBooter.invokeProviderInSameClassLoader(ForkedBooter.java:290)
	at org.apache.maven.surefire.booter.ForkedBooter.runSuitesInProcess(ForkedBooter.java:242)
	at org.apache.maven.surefire.booter.ForkedBooter.main(ForkedBooter.java:121)
2018-04-19 10:46:40,059 [main           ] ERROR AbstractRestInvocation         - No schema defined for null:null.
2018-04-19 10:46:40,289 [main           ] ERROR AbstractRestInvocation         - Failed to send rest response, operation:null.
java.lang.NullPointerException
	at org.apache.servicecomb.common.rest.filter.inner.ServerRestArgsFilter.beforeSendResponse(ServerRestArgsFilter.java:57)
	at org.apache.servicecomb.common.rest.AbstractRestInvocation.sendResponse(AbstractRestInvocation.java:224)
	at org.apache.servicecomb.common.rest.AbstractRestInvocation.sendResponseQuietly(AbstractRestInvocation.java:192)
	at org.apache.servicecomb.common.rest.AbstractRestInvocation.sendFailResponse(AbstractRestInvocation.java:187)
	at org.apache.servicecomb.common.rest.TestAbstractRestInvocation.sendFailResponseNoProduceProcessor(TestAbstractRestInvocation.java:359)
	at sun.reflect.NativeMethodAccessorImpl.invoke0(Native Method)
	at sun.reflect.NativeMethodAccessorImpl.invoke(NativeMethodAccessorImpl.java:62)
	at sun.reflect.DelegatingMethodAccessorImpl.invoke(DelegatingMethodAccessorImpl.java:43)
	at java.lang.reflect.Method.invoke(Method.java:498)
	at org.junit.runners.model.FrameworkMethod$1.runReflectiveCall(FrameworkMethod.java:50)
	at org.junit.internal.runners.model.ReflectiveCallable.run(ReflectiveCallable.java:12)
	at org.junit.runners.model.FrameworkMethod.invokeExplosively(FrameworkMethod.java:47)
	at mockit.integration.junit4.internal.JUnit4TestRunnerDecorator.executeTestMethod(JUnit4TestRunnerDecorator.java:162)
	at mockit.integration.junit4.internal.JUnit4TestRunnerDecorator.invokeExplosively(JUnit4TestRunnerDecorator.java:71)
	at mockit.integration.junit4.internal.MockFrameworkMethod.invokeExplosively(MockFrameworkMethod.java:37)
	at org.junit.runners.model.FrameworkMethod.invokeExplosively(FrameworkMethod.java)
	at org.junit.internal.runners.statements.InvokeMethod.evaluate(InvokeMethod.java:17)
	at org.junit.internal.runners.statements.RunBefores.evaluate(RunBefores.java:26)
	at org.junit.rules.ExpectedException$ExpectedExceptionStatement.evaluate(ExpectedException.java:239)
	at org.junit.rules.RunRules.evaluate(RunRules.java:20)
	at org.junit.runners.ParentRunner.runLeaf(ParentRunner.java:325)
	at org.junit.runners.BlockJUnit4ClassRunner.runChild(BlockJUnit4ClassRunner.java:78)
	at org.junit.runners.BlockJUnit4ClassRunner.runChild(BlockJUnit4ClassRunner.java:57)
	at org.junit.runners.ParentRunner$3.run(ParentRunner.java:290)
	at org.junit.runners.ParentRunner$1.schedule(ParentRunner.java:71)
	at org.junit.runners.ParentRunner.runChildren(ParentRunner.java:288)
	at org.junit.runners.ParentRunner.access$000(ParentRunner.java:58)
	at org.junit.runners.ParentRunner$2.evaluate(ParentRunner.java:268)
	at org.junit.internal.runners.statements.RunBefores.evaluate(RunBefores.java:26)
	at org.junit.internal.runners.statements.RunAfters.evaluate(RunAfters.java:27)
	at org.junit.runners.ParentRunner.run(ParentRunner.java:363)
	at org.apache.maven.surefire.junit4.JUnit4Provider.execute(JUnit4Provider.java:367)
	at org.apache.maven.surefire.junit4.JUnit4Provider.executeWithRerun(JUnit4Provider.java:274)
	at org.apache.maven.surefire.junit4.JUnit4Provider.executeTestSet(JUnit4Provider.java:238)
	at org.apache.maven.surefire.junit4.JUnit4Provider.invoke(JUnit4Provider.java:161)
	at org.apache.maven.surefire.booter.ForkedBooter.invokeProviderInSameClassLoader(ForkedBooter.java:290)
	at org.apache.maven.surefire.booter.ForkedBooter.runSuitesInProcess(ForkedBooter.java:242)
	at org.apache.maven.surefire.booter.ForkedBooter.main(ForkedBooter.java:121)
2018-04-19 10:46:40,420 [main           ] ERROR AbstractRestInvocation         - unknown rest exception.
java.lang.Error
	at mockit.internal.expectations.invocation.InvocationResult$ThrowableResult.produceResult(InvocationResult.java:45)
	at mockit.internal.expectations.invocation.InvocationResult.produceResult(InvocationResult.java:23)
	at mockit.internal.expectations.invocation.InvocationResults.produceResult(InvocationResults.java:136)
	at mockit.internal.expectations.Expectation.produceResult(Expectation.java:53)
	at mockit.internal.expectations.ReplayPhase.produceResult(ReplayPhase.java:153)
	at mockit.internal.expectations.ReplayPhase.handleInvocation(ReplayPhase.java:87)
	at mockit.internal.expectations.RecordAndReplayExecution.recordOrReplay(RecordAndReplayExecution.java:198)
	at org.apache.servicecomb.common.rest.filter.$Impl_HttpServerFilter.afterReceiveRequest(Unknown Source)
	at org.apache.servicecomb.common.rest.AbstractRestInvocation.prepareInvoke(AbstractRestInvocation.java:166)
	at org.apache.servicecomb.common.rest.AbstractRestInvocation.invoke(AbstractRestInvocation.java:146)
	at org.apache.servicecomb.common.rest.TestAbstractRestInvocation.invokeFilterException(TestAbstractRestInvocation.java:326)
	at sun.reflect.NativeMethodAccessorImpl.invoke0(Native Method)
	at sun.reflect.NativeMethodAccessorImpl.invoke(NativeMethodAccessorImpl.java:62)
	at sun.reflect.DelegatingMethodAccessorImpl.invoke(DelegatingMethodAccessorImpl.java:43)
	at java.lang.reflect.Method.invoke(Method.java:498)
	at org.junit.runners.model.FrameworkMethod$1.runReflectiveCall(FrameworkMethod.java:50)
	at org.junit.internal.runners.model.ReflectiveCallable.run(ReflectiveCallable.java:12)
	at org.junit.runners.model.FrameworkMethod.invokeExplosively(FrameworkMethod.java:47)
	at mockit.integration.junit4.internal.JUnit4TestRunnerDecorator.executeTestMethod(JUnit4TestRunnerDecorator.java:162)
	at mockit.integration.junit4.internal.JUnit4TestRunnerDecorator.invokeExplosively(JUnit4TestRunnerDecorator.java:71)
	at mockit.integration.junit4.internal.MockFrameworkMethod.invokeExplosively(MockFrameworkMethod.java:37)
	at org.junit.runners.model.FrameworkMethod.invokeExplosively(FrameworkMethod.java)
	at org.junit.internal.runners.statements.InvokeMethod.evaluate(InvokeMethod.java:17)
	at org.junit.internal.runners.statements.RunBefores.evaluate(RunBefores.java:26)
	at org.junit.rules.ExpectedException$ExpectedExceptionStatement.evaluate(ExpectedException.java:239)
	at org.junit.rules.RunRules.evaluate(RunRules.java:20)
	at org.junit.runners.ParentRunner.runLeaf(ParentRunner.java:325)
	at org.junit.runners.BlockJUnit4ClassRunner.runChild(BlockJUnit4ClassRunner.java:78)
	at org.junit.runners.BlockJUnit4ClassRunner.runChild(BlockJUnit4ClassRunner.java:57)
	at org.junit.runners.ParentRunner$3.run(ParentRunner.java:290)
	at org.junit.runners.ParentRunner$1.schedule(ParentRunner.java:71)
	at org.junit.runners.ParentRunner.runChildren(ParentRunner.java:288)
	at org.junit.runners.ParentRunner.access$000(ParentRunner.java:58)
	at org.junit.runners.ParentRunner$2.evaluate(ParentRunner.java:268)
	at org.junit.internal.runners.statements.RunBefores.evaluate(RunBefores.java:26)
	at org.junit.internal.runners.statements.RunAfters.evaluate(RunAfters.java:27)
	at org.junit.runners.ParentRunner.run(ParentRunner.java:363)
	at org.apache.maven.surefire.junit4.JUnit4Provider.execute(JUnit4Provider.java:367)
	at org.apache.maven.surefire.junit4.JUnit4Provider.executeWithRerun(JUnit4Provider.java:274)
	at org.apache.maven.surefire.junit4.JUnit4Provider.executeTestSet(JUnit4Provider.java:238)
	at org.apache.maven.surefire.junit4.JUnit4Provider.invoke(JUnit4Provider.java:161)
	at org.apache.maven.surefire.booter.ForkedBooter.invokeProviderInSameClassLoader(ForkedBooter.java:290)
	at org.apache.maven.surefire.booter.ForkedBooter.runSuitesInProcess(ForkedBooter.java:242)
	at org.apache.maven.surefire.booter.ForkedBooter.main(ForkedBooter.java:121)
2018-04-19 10:46:40,572 [main           ] ERROR AbstractRestInvocation         - Rest request already timeout, abandon execute, method null, operation sayHi.
