<?xml version="1.0" encoding="UTF-8"?>
<testsuite xmlns:xsi="http://www.w3.org/2001/XMLSchema-instance" xsi:schemaLocation="https://maven.apache.org/surefire/maven-surefire-plugin/xsd/surefire-test-report.xsd" name="org.apache.servicecomb.foundation.vertx.http.TestAbstractHttpServletRequest" time="0.696" tests="66" errors="0" skipped="0" failures="0">
  <properties>
[...]
</properties>
  <testcase name="testGetUserPrincipal" classname="org.apache.servicecomb.foundation.vertx.http.TestAbstractHttpServletRequest" time="0.043"/>
  <testcase name="testGetContentLengthLong" classname="org.apache.servicecomb.foundation.vertx.http.TestAbstractHttpServletRequest" time="0.001"/>
  <testcase name="testGetContextPath" classname="org.apache.servicecomb.foundation.vertx.http.TestAbstractHttpServletRequest" time="0.001"/>
  <testcase name="testGetSession" classname="org.apache.servicecomb.foundation.vertx.http.TestAbstractHttpServletRequest" time="0.001"/>
  <testcase name="testGetParameterValues" classname="org.apache.servicecomb.foundation.vertx.http.TestAbstractHttpServletRequest" time="0.001"/>
  <testcase name="testGetRemoteAddr" classname="org.apache.servicecomb.foundation.vertx.http.TestAbstractHttpServletRequest" time="0"/>
  <testcase name="testGetRemoteHost" classname="org.apache.servicecomb.foundation.vertx.http.TestAbstractHttpServletRequest" time="0"/>
  <testcase name="testGetRemotePort" classname="org.apache.servicecomb.foundation.vertx.http.TestAbstractHttpServletRequest" time="0"/>
  <testcase name="testGetRemoteUser" classname="org.apache.servicecomb.foundation.vertx.http.TestAbstractHttpServletRequest" time="0.001"/>
  <testcase name="testGetPathInfo" classname="org.apache.servicecomb.foundation.vertx.http.TestAbstractHttpServletRequest" time="0.001"/>
  <testcase name="testGetRequestedSessionId" classname="org.apache.servicecomb.foundation.vertx.http.TestAbstractHttpServletRequest" time="0.001"/>
  <testcase name="testIsAsyncStarted" classname="org.apache.servicecomb.foundation.vertx.http.TestAbstractHttpServletRequest" time="0.001"/>
  <testcase name="testGetParts" classname="org.apache.servicecomb.foundation.vertx.http.TestAbstractHttpServletRequest" time="0.001"/>
  <testcase name="testGetPathTranslated" classname="org.apache.servicecomb.foundation.vertx.http.TestAbstractHttpServletRequest" time="0"/>
  <testcase name="testAuthenticate" classname="org.apache.servicecomb.foundation.vertx.http.TestAbstractHttpServletRequest" time="0.001"/>
  <testcase name="testGetParameterNames" classname="org.apache.servicecomb.foundation.vertx.http.TestAbstractHttpServletRequest" time="0"/>
  <testcase name="testGetAuthType" classname="org.apache.servicecomb.foundation.vertx.http.TestAbstractHttpServletRequest" time="0.001"/>
  <testcase name="testIsAsyncSupported" classname="org.apache.servicecomb.foundation.vertx.http.TestAbstractHttpServletRequest" time="0"/>
  <testcase name="testGetParameter" classname="org.apache.servicecomb.foundation.vertx.http.TestAbstractHttpServletRequest" time="0"/>
  <testcase name="testLogin" classname="org.apache.servicecomb.foundation.vertx.http.TestAbstractHttpServletRequest" time="0.001"/>
  <testcase name="testGetServletPath" classname="org.apache.servicecomb.foundation.vertx.http.TestAbstractHttpServletRequest" time="0"/>
  <testcase name="testGetHeaderNames" classname="org.apache.servicecomb.foundation.vertx.http.TestAbstractHttpServletRequest" time="0.001"/>
  <testcase name="testIsRequestedSessionIdFromURL" classname="org.apache.servicecomb.foundation.vertx.http.TestAbstractHttpServletRequest" time="0"/>
  <testcase name="testIsRequestedSessionIdFromUrl" classname="org.apache.servicecomb.foundation.vertx.http.TestAbstractHttpServletRequest" time="0.001"/>
  <testcase name="testUpgrade" classname="org.apache.servicecomb.foundation.vertx.http.TestAbstractHttpServletRequest" time="0"/>
  <testcase name="testGetPart" classname="org.apache.servicecomb.foundation.vertx.http.TestAbstractHttpServletRequest" time="0.001"/>
  <testcase name="testSetCharacterEncoding" classname="org.apache.servicecomb.foundation.vertx.http.TestAbstractHttpServletRequest" time="0"/>
  <testcase name="testGetServerName" classname="org.apache.servicecomb.foundation.vertx.http.TestAbstractHttpServletRequest" time="0"/>
  <testcase name="testGetServerPort" classname="org.apache.servicecomb.foundation.vertx.http.TestAbstractHttpServletRequest" time="0.001"/>
  <testcase name="testGetLocalAddr" classname="org.apache.servicecomb.foundation.vertx.http.TestAbstractHttpServletRequest" time="0"/>
  <testcase name="testGetLocalName" classname="org.apache.servicecomb.foundation.vertx.http.TestAbstractHttpServletRequest" time="0"/>
  <testcase name="testGetLocalPort" classname="org.apache.servicecomb.foundation.vertx.http.TestAbstractHttpServletRequest" time="0.001"/>
  <testcase name="testGetParameterMap" classname="org.apache.servicecomb.foundation.vertx.http.TestAbstractHttpServletRequest" time="0"/>
  <testcase name="testGetRequestDispatcher" classname="org.apache.servicecomb.foundation.vertx.http.TestAbstractHttpServletRequest" time="0"/>
  <testcase name="testGetSessionWithParam" classname="org.apache.servicecomb.foundation.vertx.http.TestAbstractHttpServletRequest" time="0.001"/>
  <testcase name="testChangeSessionId" classname="org.apache.servicecomb.foundation.vertx.http.TestAbstractHttpServletRequest" time="0"/>
  <testcase name="testStartAsyncWithParam" classname="org.apache.servicecomb.foundation.vertx.http.TestAbstractHttpServletRequest" time="0.001"/>
  <testcase name="testIsUserInRole" classname="org.apache.servicecomb.foundation.vertx.http.TestAbstractHttpServletRequest" time="0"/>
  <testcase name="testGetCharacterEncoding" classname="org.apache.servicecomb.foundation.vertx.http.TestAbstractHttpServletRequest" time="0.001"/>
  <testcase name="testGetAsyncContext" classname="org.apache.servicecomb.foundation.vertx.http.TestAbstractHttpServletRequest" time="0.001"/>
  <testcase name="testGetProtocol" classname="org.apache.servicecomb.foundation.vertx.http.TestAbstractHttpServletRequest" time="0"/>
  <testcase name="testIsSecure" classname="org.apache.servicecomb.foundation.vertx.http.TestAbstractHttpServletRequest" time="0.001"/>
  <testcase name="testIsRequestedSessionIdValid" classname="org.apache.servicecomb.foundation.vertx.http.TestAbstractHttpServletRequest" time="0"/>
  <testcase name="testGetRealPath" classname="org.apache.servicecomb.foundation.vertx.http.TestAbstractHttpServletRequest" time="0.001"/>
  <testcase name="testGetLocales" classname="org.apache.servicecomb.foundation.vertx.http.TestAbstractHttpServletRequest" time="0"/>
  <testcase name="testGetIntHeader" classname="org.apache.servicecomb.foundation.vertx.http.TestAbstractHttpServletRequest" time="0"/>
  <testcase name="testAttribute" classname="org.apache.servicecomb.foundation.vertx.http.TestAbstractHttpServletRequest" time="0.003"/>
  <testcase name="testGetDispatcherType" classname="org.apache.servicecomb.foundation.vertx.http.TestAbstractHttpServletRequest" time="0"/>
  <testcase name="testIsRequestedSessionIdFromCookie" classname="org.apache.servicecomb.foundation.vertx.http.TestAbstractHttpServletRequest" time="0"/>
  <testcase name="testGetServletContext" classname="org.apache.servicecomb.foundation.vertx.http.TestAbstractHttpServletRequest" time="0"/>
  <testcase name="testGetHeaders" classname="org.apache.servicecomb.foundation.vertx.http.TestAbstractHttpServletRequest" time="0"/>
  <testcase name="testGetQueryString" classname="org.apache.servicecomb.foundation.vertx.http.TestAbstractHttpServletRequest" time="0"/>
  <testcase name="testGetHeader" classname="org.apache.servicecomb.foundation.vertx.http.TestAbstractHttpServletRequest" time="0.001"/>
  <testcase name="testGetLocale" classname="org.apache.servicecomb.foundation.vertx.http.TestAbstractHttpServletRequest" time="0"/>
  <testcase name="testGetCookies" classname="org.apache.servicecomb.foundation.vertx.http.TestAbstractHttpServletRequest" time="0.001"/>
  <testcase name="testGetMethod" classname="org.apache.servicecomb.foundation.vertx.http.TestAbstractHttpServletRequest" time="0"/>
  <testcase name="testGetReader" classname="org.apache.servicecomb.foundation.vertx.http.TestAbstractHttpServletRequest" time="0"/>
  <testcase name="testGetScheme" classname="org.apache.servicecomb.foundation.vertx.http.TestAbstractHttpServletRequest" time="0"/>
  <testcase name="testLogout" classname="org.apache.servicecomb.foundation.vertx.http.TestAbstractHttpServletRequest" time="0.001"/>
  <testcase name="testGetContentLength" classname="org.apache.servicecomb.foundation.vertx.http.TestAbstractHttpServletRequest" time="0"/>
  <testcase name="testGetRequestURI" classname="org.apache.servicecomb.foundation.vertx.http.TestAbstractHttpServletRequest" time="0.001"/>
  <testcase name="testGetRequestURL" classname="org.apache.servicecomb.foundation.vertx.http.TestAbstractHttpServletRequest" time="0"/>
  <testcase name="testGetDateHeader" classname="org.apache.servicecomb.foundation.vertx.http.TestAbstractHttpServletRequest" time="0"/>
  <testcase name="testStartAsync" classname="org.apache.servicecomb.foundation.vertx.http.TestAbstractHttpServletRequest" time="0"/>
  <testcase name="testGetContentType" classname="org.apache.servicecomb.foundation.vertx.http.TestAbstractHttpServletRequest" time="0.001"/>
  <testcase name="testGetInputStream" classname="org.apache.servicecomb.foundation.vertx.http.TestAbstractHttpServletRequest" time="0"/>
</testsuite>