<?xml version="1.0" encoding="UTF-8"?>
<testsuite xmlns:xsi="http://www.w3.org/2001/XMLSchema-instance" xsi:schemaLocation="https://maven.apache.org/surefire/maven-surefire-plugin/xsd/surefire-test-report.xsd" name="org.apache.servicecomb.common.rest.TestAbstractRestInvocation" time="2.873" tests="28" errors="0" skipped="0" failures="0">
  <properties>
[...]
</properties>
  <testcase name="testDoSendResponseHeaderNormal" classname="org.apache.servicecomb.common.rest.TestAbstractRestInvocation" time="0.685"/>
  <testcase name="sendResponseStatusAndContentTypeAndHeader" classname="org.apache.servicecomb.common.rest.TestAbstractRestInvocation" time="0.11"/>
  <testcase name="scheduleInvocationException" classname="org.apache.servicecomb.common.rest.TestAbstractRestInvocation" time="0.112"/>
  <testcase name="findRestOperationNormal" classname="org.apache.servicecomb.common.rest.TestAbstractRestInvocation" time="0.244"/>
  <testcase name="testDoSendResponseResultOKFilter" classname="org.apache.servicecomb.common.rest.TestAbstractRestInvocation" time="0.159"/>
  <testcase name="getContextNull" classname="org.apache.servicecomb.common.rest.TestAbstractRestInvocation" time="0.004"/>
  <testcase name="setContextEmpty" classname="org.apache.servicecomb.common.rest.TestAbstractRestInvocation" time="0.007"/>
  <testcase name="sendFailResponseHaveProduceProcessor" classname="org.apache.servicecomb.common.rest.TestAbstractRestInvocation" time="0.014"/>
  <testcase name="sendResponseQuietlyException" classname="org.apache.servicecomb.common.rest.TestAbstractRestInvocation" time="0.107"/>
  <testcase name="invokeNormal" classname="org.apache.servicecomb.common.rest.TestAbstractRestInvocation" time="0.122"/>
  <testcase name="setHttpServerFilters" classname="org.apache.servicecomb.common.rest.TestAbstractRestInvocation" time="0.146"/>
  <testcase name="findRestOperationServicePathManagerNull" classname="org.apache.servicecomb.common.rest.TestAbstractRestInvocation" time="0.107"/>
  <testcase name="testDoSendResponseHeaderNull" classname="org.apache.servicecomb.common.rest.TestAbstractRestInvocation" time="0.082"/>
  <testcase name="doInvoke" classname="org.apache.servicecomb.common.rest.TestAbstractRestInvocation" time="0.086"/>
  <testcase name="sendFailResponseNoProduceProcessor" classname="org.apache.servicecomb.common.rest.TestAbstractRestInvocation" time="0.009"/>
  <testcase name="invokeFilterException" classname="org.apache.servicecomb.common.rest.TestAbstractRestInvocation" time="0.179"/>
  <testcase name="testDoSendResponseResultOK" classname="org.apache.servicecomb.common.rest.TestAbstractRestInvocation" time="0.076"/>
  <testcase name="scheduleInvocationTimeout" classname="org.apache.servicecomb.common.rest.TestAbstractRestInvocation" time="0.024"/>
  <testcase name="setContextNormal" classname="org.apache.servicecomb.common.rest.TestAbstractRestInvocation" time="0.039"/>
  <testcase name="initProduceProcessorNormal" classname="org.apache.servicecomb.common.rest.TestAbstractRestInvocation" time="0.032"/>
  <testcase name="runOnExecutor" classname="org.apache.servicecomb.common.rest.TestAbstractRestInvocation" time="0.045"/>
  <testcase name="invokeFilterHaveResponse" classname="org.apache.servicecomb.common.rest.TestAbstractRestInvocation" time="0.084"/>
  <testcase name="sendResponseQuietlyNormal" classname="org.apache.servicecomb.common.rest.TestAbstractRestInvocation" time="0.049"/>
  <testcase name="invokeFilterNoResponse" classname="org.apache.servicecomb.common.rest.TestAbstractRestInvocation" time="0.085"/>
  <testcase name="setContextNull" classname="org.apache.servicecomb.common.rest.TestAbstractRestInvocation" time="0.005"/>
  <testcase name="scheduleInvocationNormal" classname="org.apache.servicecomb.common.rest.TestAbstractRestInvocation" time="0.046"/>
  <testcase name="getContext" classname="org.apache.servicecomb.common.rest.TestAbstractRestInvocation" time="0.003"/>
  <testcase name="initProduceProcessorNull" classname="org.apache.servicecomb.common.rest.TestAbstractRestInvocation" time="0.03"/>
</testsuite>